<?xml version="1.0" encoding="UTF-8"?>
<testsuite xmlns:xsi="http://www.w3.org/2001/XMLSchema-instance" xsi:noNamespaceSchemaLocation="https://maven.apache.org/surefire/maven-surefire-plugin/xsd/surefire-test-report-3.0.xsd" version="3.0" name="za.co.philani.topic1.ArrayElementsSumTest" time="0.01" tests="5" errors="0" skipped="0" failures="0">
  <properties>
[...]
</properties>
  <testcase name="testAVeryBigSum" classname="za.co.philani.topic1.ArrayElementsSumTest" time="0.002"/>
  <testcase name="testAVeryBigSumMixedValues" classname="za.co.philani.topic1.ArrayElementsSumTest" time="0.0"/>
  <testcase name="testAVeryBigSumAllZeros" classname="za.co.philani.topic1.ArrayElementsSumTest" time="0.001"/>
  <testcase name="testAVeryBigSumEmptyList" classname="za.co.philani.topic1.ArrayElementsSumTest" time="0.001"/>
  <testcase name="testAVeryBigSumSingleElement" classname="za.co.philani.topic1.ArrayElementsSumTest" time="0.001"/>
</testsuite>